[bastienfromont.com/index.html]
[backblue.gif]
[fade.gif]
[index.html]
[cdn.myportfolio.com/9303f5c5-1f4c-4e4e-8660-3b5d6b9f7896/76256fc3-29c9-498b-83c5-680f5a82c40b_rwc_0x0x794x812x7940172.png]
[cdn.myportfolio.com/9303f5c5-1f4c-4e4e-8660-3b5d6b9f7896/98a65598-404a-466d-8c67-507362a87d66_carw_1x1x326d5c.png]
[cdn.myportfolio.com/9303f5c5-1f4c-4e4e-8660-3b5d6b9f7896/026c6c27-cfaf-493e-af32-d429f3709ea6_carw_1x1x180aede.png]
[bastienfromont.com/dist/css/main.css]
[bastienfromont.com/monprofil.html]
[use.typekit.net/ik/Bay_WmHdXQTG269QxHyiRA5ebKMzfdeCnXcj8A6W8Y6feT6gfHYEBsJzwD9oFDIDWDJD52qoZQboFhJDjhbaZRF85Qyc5eF85Q9hFDIXFAwhZ2SUjhmKwQw-MfJIZ1s0-kJIShyEjkG4fJFmIMMj2PMfH6qJ6B9bMg6VJMJ7fbKemsMMeMw6MKG4fJsmIM]
[bastienfromont.com/reconception.html]
[bastienfromont.com/exploration.html]
[bastienfromont.com/contemplation.html]
[bastienfromont.com/contact.html]
[cdn.myportfolio.com/9303f5c5-1f4c-4e4e-8660-3b5d6b9f7896/26b8fbd4-ebe1-43be-94ec-5f03fb4591c7_rwc_427x599x1644x2326x40969cc5.png]
[cdn.myportfolio.com/9303f5c5-1f4c-4e4e-8660-3b5d6b9f7896/76225cab-3a56-4e85-8c7b-946e8b1b5106_rwc_469x644x1587x2241x40968156.png]
[cdn.myportfolio.com/9303f5c5-1f4c-4e4e-8660-3b5d6b9f7896/a8547eec-166a-4265-9a09-eb886edadc14b979.jpg]
[cdn.myportfolio.com/9303f5c5-1f4c-4e4e-8660-3b5d6b9f7896/a8547eec-166a-4265-9a09-eb886edadc14_rw_192036c6.jpg]
[cdn.myportfolio.com/9303f5c5-1f4c-4e4e-8660-3b5d6b9f7896/1c3f6c1f-ab9d-4491-93e6-342779d7a7fedcb0.png]
[cdn.myportfolio.com/9303f5c5-1f4c-4e4e-8660-3b5d6b9f7896/1c3f6c1f-ab9d-4491-93e6-342779d7a7fe_rw_19205cfe.png]
[cdn.myportfolio.com/9303f5c5-1f4c-4e4e-8660-3b5d6b9f7896/23a214d7-160d-4fa4-be7e-098bc8d9cfbf646b.png]
[cdn.myportfolio.com/9303f5c5-1f4c-4e4e-8660-3b5d6b9f7896/23a214d7-160d-4fa4-be7e-098bc8d9cfbf_rw_1920aa0f.png]
[bastienfromont.com/site/translations7b90]
[bastienfromont.com/index.html]
[bastienfromont.com/dist/css/main.css]
[bastienfromont.com/dist/js/main7b90.js]
[cdn.myportfolio.com/9303f5c5-1f4c-4e4e-8660-3b5d6b9f7896/d3517bca-1f6c-4a38-872a-071a7731046b_rwc_0x13x2480x3507x40963ffb.png]
[cdn.myportfolio.com/9303f5c5-1f4c-4e4e-8660-3b5d6b9f7896/afe58a08-c685-4bf8-b344-97f929ec3fc8_rwc_0x0x8692x2570x4096bfb1.png]
[cdn.myportfolio.com/9303f5c5-1f4c-4e4e-8660-3b5d6b9f7896/abf92926aaf0f141524fae0c1674ecde1759832574498f.css]
[bastienfromont.com/monprofil.html]
[bastienfromont.com/projet-omnia.html]
[cdn.myportfolio.com/9303f5c5-1f4c-4e4e-8660-3b5d6b9f7896/f958ebf2-5700-4cb7-bf64-8b80b8b113a9_carw_16x9x32081e.png]
[bastienfromont.com/projet-mood.html]
[cdn.myportfolio.com/9303f5c5-1f4c-4e4e-8660-3b5d6b9f7896/c6ffce68-1420-4054-9aa8-7227d96c3c9e_carw_16x9x32b903.png]
[bastienfromont.com/lampe-lania.html]
[cdn.myportfolio.com/9303f5c5-1f4c-4e4e-8660-3b5d6b9f7896/45714050-58ed-4f64-892e-c9a9d6a57111_rwc_0x518x5700x3212x32114a.png]
[bastienfromont.com/reconception.html]
[bastienfromont.com/coutellerie.html]
[cdn.myportfolio.com/9303f5c5-1f4c-4e4e-8660-3b5d6b9f7896/2fcef622-638d-4b3d-88f8-f120d9dd7f87_rwc_0x192x3840x2164x32920e.jpg]
[bastienfromont.com/bijoux.html]
[cdn.myportfolio.com/9303f5c5-1f4c-4e4e-8660-3b5d6b9f7896/17ddbe8c-1c26-447e-848a-b03a35ba2fb3_rwc_0x192x3840x2164x325e1f.jpg]
[bastienfromont.com/production-bois.html]
[cdn.myportfolio.com/9303f5c5-1f4c-4e4e-8660-3b5d6b9f7896/42f32039-f402-4f05-9cc3-8f2f12c8ad74_rwc_0x192x3840x2164x320b9e.jpg]
[bastienfromont.com/clock-the-third-shade.html]
[cdn.myportfolio.com/9303f5c5-1f4c-4e4e-8660-3b5d6b9f7896/915f49c3-addb-420f-b516-fde64972ac6d_rwc_0x0x1916x1080x329d01.png]
[bastienfromont.com/matiere-vivante.html]
[cdn.myportfolio.com/9303f5c5-1f4c-4e4e-8660-3b5d6b9f7896/72cde2d9-5c9b-46d3-a318-e8893bfbd7c0_carw_16x9x3235cb.jpg]
[bastienfromont.com/eau-dissey-product-render.html]
[cdn.myportfolio.com/9303f5c5-1f4c-4e4e-8660-3b5d6b9f7896/7c39e132-71b2-4df1-89fc-56bc7346e02b_rwc_0x0x1000x563x322621.png]
[bastienfromont.com/projet-chemin-faisant.html]
[cdn.myportfolio.com/9303f5c5-1f4c-4e4e-8660-3b5d6b9f7896/ef1626f9-c3a9-4532-9ce7-6fce8947bae8_rwc_0x349x3840x2164x32c097.jpg]
[bastienfromont.com/video.html]
[cdn.myportfolio.com/9303f5c5-1f4c-4e4e-8660-3b5d6b9f7896/b250c35e-fca2-4166-9e2b-624f273425ba_rwc_0x0x1277x720x32e38c.jpg]
[bastienfromont.com/electronique.html]
[cdn.myportfolio.com/9303f5c5-1f4c-4e4e-8660-3b5d6b9f7896/50e9f284-a553-4104-84f9-d45d2d0dd0a7_carw_16x9x324000.jpg]
[bastienfromont.com/creation-numerique.html]
[bastienfromont.com/exploration.html]
[cdn.myportfolio.com/9303f5c5-1f4c-4e4e-8660-3b5d6b9f7896/adf8d27a-a80a-499b-b858-cdd25cd7164b_carw_16x9x328a4d.png]
[bastienfromont.com/photographie-de-paysage.html]
[cdn.myportfolio.com/9303f5c5-1f4c-4e4e-8660-3b5d6b9f7896/4e3726ae-0735-4bbf-9272-e5cdb7d56d96_rwc_0x0x3832x2160x326f83.jpg]
[bastienfromont.com/photographie-animaliere.html]
[cdn.myportfolio.com/9303f5c5-1f4c-4e4e-8660-3b5d6b9f7896/c51face7-b300-4c23-9f43-d784641cea28_rwc_0x96x1920x1082x322f04.jpg]
[bastienfromont.com/star-photography.html]
[cdn.myportfolio.com/9303f5c5-1f4c-4e4e-8660-3b5d6b9f7896/4a1e1684-e9ea-4c3b-ad44-88cd55184c28_rwc_0x192x3840x2164x32dd86.jpg]
[bastienfromont.com/projet-bulle.html]
[cdn.myportfolio.com/9303f5c5-1f4c-4e4e-8660-3b5d6b9f7896/ab733be5-9e0c-407e-a09a-07cfd57dc01c_rwc_501x0x2829x1595x325f27.png]
[bastienfromont.com/playing-with-light.html]
[cdn.myportfolio.com/9303f5c5-1f4c-4e4e-8660-3b5d6b9f7896/edf49bc3-4103-4838-a0ad-1656937b4eec_rwc_2177x738x1657x934x328baf.jpg]
[bastienfromont.com/shooting-skateboard-2022.html]
[bastienfromont.com/contemplation.html]
[cdn.myportfolio.com/9303f5c5-1f4c-4e4e-8660-3b5d6b9f7896/f1aa7782-6f2e-4952-9445-4550a49c2f84_rwc_534x1526x996x561x322c35.jpg]
[bastienfromont.com/contact.html]
[cdn.myportfolio.com/9303f5c5-1f4c-4e4e-8660-3b5d6b9f7896/3aac1dff-f885-43ba-8595-8fc056fe41c1_rwc_0x0x2480x3501x40968743.png]
[cdn.myportfolio.com/9303f5c5-1f4c-4e4e-8660-3b5d6b9f7896/36a5fd1eb6fb38c37875a59ff9b73c091759832574a62b.css]
[cdn.myportfolio.com/9303f5c5-1f4c-4e4e-8660-3b5d6b9f7896/800671d6-6aae-4361-a6f8-8de8cd7ffd6c_rwc_0x0x11209x1355x409667de.png]
[cdn.myportfolio.com/9303f5c5-1f4c-4e4e-8660-3b5d6b9f7896/b5db2bd0-6e55-4ac9-8284-152848717d9c3a06.png]
[cdn.myportfolio.com/9303f5c5-1f4c-4e4e-8660-3b5d6b9f7896/b5db2bd0-6e55-4ac9-8284-152848717d9c_rw_3840c9d1.png]
[cdn.myportfolio.com/9303f5c5-1f4c-4e4e-8660-3b5d6b9f7896/3d5106ed-fe10-44d6-86bf-b0f648f7347c17dc.png]
[cdn.myportfolio.com/9303f5c5-1f4c-4e4e-8660-3b5d6b9f7896/3d5106ed-fe10-44d6-86bf-b0f648f7347c_rw_38406a04.png]
[cdn.myportfolio.com/9303f5c5-1f4c-4e4e-8660-3b5d6b9f7896/c6ffce68-1420-4054-9aa8-7227d96c3c9e_car_16x9ee52.png]
[cdn.myportfolio.com/9303f5c5-1f4c-4e4e-8660-3b5d6b9f7896/45714050-58ed-4f64-892e-c9a9d6a57111_rwc_0x518x5700x3212x57008766.png]
[bastienfromont.com/projet-omnia.html]
[cdn.myportfolio.com/9303f5c5-1f4c-4e4e-8660-3b5d6b9f7896/8849e829-4ea5-4a62-a60b-ae88cc9ee17da736.png]
[cdn.myportfolio.com/9303f5c5-1f4c-4e4e-8660-3b5d6b9f7896/8849e829-4ea5-4a62-a60b-ae88cc9ee17d_rw_1920168c.png]
[cdn.myportfolio.com/9303f5c5-1f4c-4e4e-8660-3b5d6b9f7896/4d6dfdac-7af9-4111-ac81-d440e3db5c060098.png]
[cdn.myportfolio.com/9303f5c5-1f4c-4e4e-8660-3b5d6b9f7896/4d6dfdac-7af9-4111-ac81-d440e3db5c06_rw_192057f1.png]
[cdn.myportfolio.com/9303f5c5-1f4c-4e4e-8660-3b5d6b9f7896/f958ebf2-5700-4cb7-bf64-8b80b8b113a9_car_16x94ac0.png]
[bastienfromont.com/projet-mood.html]
[cdn.myportfolio.com/9303f5c5-1f4c-4e4e-8660-3b5d6b9f7896/25e34aa2-6cab-46c0-b198-0ed668fcc2049698.png]
[cdn.myportfolio.com/9303f5c5-1f4c-4e4e-8660-3b5d6b9f7896/25e34aa2-6cab-46c0-b198-0ed668fcc204_rw_19209841.png]
[cdn.myportfolio.com/9303f5c5-1f4c-4e4e-8660-3b5d6b9f7896/f7d7a760-30c5-48b1-aade-02be5a0ae3d87cf5.png]
[cdn.myportfolio.com/9303f5c5-1f4c-4e4e-8660-3b5d6b9f7896/f7d7a760-30c5-48b1-aade-02be5a0ae3d8_rw_1920be9d.png]
[bastienfromont.com/lampe-lania.html]
[cdn.myportfolio.com/9303f5c5-1f4c-4e4e-8660-3b5d6b9f7896/7fdaabc5-4578-43d9-a77a-61c73bf7f995_rwc_0x0x12808x1688x4096705a.png]
[cdn.myportfolio.com/9303f5c5-1f4c-4e4e-8660-3b5d6b9f7896/ba4d7aeef1b4040793d57b560f0ac7cf175983257492c1.css]
[cdn.myportfolio.com/9303f5c5-1f4c-4e4e-8660-3b5d6b9f7896/50e9f284-a553-4104-84f9-d45d2d0dd0a7_car_16x9a923.jpg]
[cdn.myportfolio.com/9303f5c5-1f4c-4e4e-8660-3b5d6b9f7896/72cde2d9-5c9b-46d3-a318-e8893bfbd7c0_car_16x9527d.jpg]
[cdn.myportfolio.com/9303f5c5-1f4c-4e4e-8660-3b5d6b9f7896/b250c35e-fca2-4166-9e2b-624f273425ba_rwc_0x0x1277x720x1277140d.jpg]
[cdn.myportfolio.com/9303f5c5-1f4c-4e4e-8660-3b5d6b9f7896/ef1626f9-c3a9-4532-9ce7-6fce8947bae8_rwc_0x349x3840x2164x384064ca.jpg]
[cdn.myportfolio.com/9303f5c5-1f4c-4e4e-8660-3b5d6b9f7896/915f49c3-addb-420f-b516-fde64972ac6d_rwc_0x0x1916x1080x1916c7fa.png]
[cdn.myportfolio.com/9303f5c5-1f4c-4e4e-8660-3b5d6b9f7896/adf8d27a-a80a-499b-b858-cdd25cd7164b_car_16x99f76.png]
[cdn.myportfolio.com/9303f5c5-1f4c-4e4e-8660-3b5d6b9f7896/17ddbe8c-1c26-447e-848a-b03a35ba2fb3_rwc_0x192x3840x2164x3840513e.jpg]
[cdn.myportfolio.com/9303f5c5-1f4c-4e4e-8660-3b5d6b9f7896/7c39e132-71b2-4df1-89fc-56bc7346e02b_rwc_0x0x1000x563x10007e5f.png]
[cdn.myportfolio.com/9303f5c5-1f4c-4e4e-8660-3b5d6b9f7896/42f32039-f402-4f05-9cc3-8f2f12c8ad74_rwc_0x192x3840x2164x384048c6.jpg]
[bastienfromont.com/coutellerie.html]
[cdn.myportfolio.com/9303f5c5-1f4c-4e4e-8660-3b5d6b9f7896/9bf82d09-b557-4f31-ac25-a94bfea1073a10a3.jpg]
[cdn.myportfolio.com/9303f5c5-1f4c-4e4e-8660-3b5d6b9f7896/9bf82d09-b557-4f31-ac25-a94bfea1073a_rw_38402cd7.jpg]
[cdn.myportfolio.com/9303f5c5-1f4c-4e4e-8660-3b5d6b9f7896/bb69ea3f-5434-4bf9-9269-d392ed1586444441.jpg]
[cdn.myportfolio.com/9303f5c5-1f4c-4e4e-8660-3b5d6b9f7896/bb69ea3f-5434-4bf9-9269-d392ed158644_rw_38408afa.jpg]
[cdn.myportfolio.com/9303f5c5-1f4c-4e4e-8660-3b5d6b9f7896/dd0571c1-ee26-46be-9b4b-c1572a58079a95be.jpg]
[cdn.myportfolio.com/9303f5c5-1f4c-4e4e-8660-3b5d6b9f7896/dd0571c1-ee26-46be-9b4b-c1572a58079a_rw_3840f37f.jpg]
[cdn.myportfolio.com/9303f5c5-1f4c-4e4e-8660-3b5d6b9f7896/bd3b5da3-8b9a-4950-b9b2-246c4b9d8fcd856f.jpg]
[cdn.myportfolio.com/9303f5c5-1f4c-4e4e-8660-3b5d6b9f7896/bd3b5da3-8b9a-4950-b9b2-246c4b9d8fcd_rw_3840109b.jpg]
[cdn.myportfolio.com/9303f5c5-1f4c-4e4e-8660-3b5d6b9f7896/2fcef622-638d-4b3d-88f8-f120d9dd7f87_rwc_0x192x3840x2164x38406a21.jpg]
[bastienfromont.com/bijoux.html]
[cdn.myportfolio.com/9303f5c5-1f4c-4e4e-8660-3b5d6b9f7896/6b7c9fc5-edb7-4c86-9da3-99861024c9d6a9fa.jpg]
[cdn.myportfolio.com/9303f5c5-1f4c-4e4e-8660-3b5d6b9f7896/6b7c9fc5-edb7-4c86-9da3-99861024c9d6_rw_1920aa03.jpg]
[cdn.myportfolio.com/9303f5c5-1f4c-4e4e-8660-3b5d6b9f7896/6c3abe77-c5f1-4469-8f23-6323021145f626dd.jpg]
[cdn.myportfolio.com/9303f5c5-1f4c-4e4e-8660-3b5d6b9f7896/6c3abe77-c5f1-4469-8f23-6323021145f6_rw_3840a455.jpg]
[cdn.myportfolio.com/9303f5c5-1f4c-4e4e-8660-3b5d6b9f7896/bfb4251b-c22e-4db3-bb4b-74a9c65491fcc51a.jpg]
[cdn.myportfolio.com/9303f5c5-1f4c-4e4e-8660-3b5d6b9f7896/bfb4251b-c22e-4db3-bb4b-74a9c65491fc_rw_38402b5e.jpg]
[cdn.myportfolio.com/9303f5c5-1f4c-4e4e-8660-3b5d6b9f7896/438ccf94-09ec-4ce9-816d-4b935b7d707a4376.jpg]
[cdn.myportfolio.com/9303f5c5-1f4c-4e4e-8660-3b5d6b9f7896/438ccf94-09ec-4ce9-816d-4b935b7d707a_rw_3840d362.jpg]
[cdn.myportfolio.com/9303f5c5-1f4c-4e4e-8660-3b5d6b9f7896/16d3649c-21b9-497f-8aea-403da0fec3ecf8c2.jpg]
[bastienfromont.com/production-bois.html]
[cdn.myportfolio.com/9303f5c5-1f4c-4e4e-8660-3b5d6b9f7896/16d3649c-21b9-497f-8aea-403da0fec3ec_rw_19201197.jpg]
[cdn.myportfolio.com/9303f5c5-1f4c-4e4e-8660-3b5d6b9f7896/2b45123f-9ce9-49fc-87d9-b3d7be5607e6ca56.png]
[cdn.myportfolio.com/9303f5c5-1f4c-4e4e-8660-3b5d6b9f7896/2b45123f-9ce9-49fc-87d9-b3d7be5607e6_rw_1920c5cf.png]
[cdn.myportfolio.com/9303f5c5-1f4c-4e4e-8660-3b5d6b9f7896/b1467ae4-85a2-46fd-b574-39d0214867ec1a78.png]
[cdn.myportfolio.com/9303f5c5-1f4c-4e4e-8660-3b5d6b9f7896/b1467ae4-85a2-46fd-b574-39d0214867ec_rw_1200b7c2.png]
[bastienfromont.com/clock-the-third-shade.html]
[cdn.myportfolio.com/9303f5c5-1f4c-4e4e-8660-3b5d6b9f7896/06e8c3d0-9604-4b5c-a545-fc7a45a853dbb137.jpg]
[cdn.myportfolio.com/9303f5c5-1f4c-4e4e-8660-3b5d6b9f7896/06e8c3d0-9604-4b5c-a545-fc7a45a853db_rw_1920ae66.jpg]
[bastienfromont.com/matiere-vivante.html]
[cdn.myportfolio.com/9303f5c5-1f4c-4e4e-8660-3b5d6b9f7896/7272a55d-0eed-4dd3-a85a-6c8a329dd0557b74.png]
[cdn.myportfolio.com/9303f5c5-1f4c-4e4e-8660-3b5d6b9f7896/7272a55d-0eed-4dd3-a85a-6c8a329dd055_rw_12007a91.png]
[cdn.myportfolio.com/9303f5c5-1f4c-4e4e-8660-3b5d6b9f7896/4fe20a4f-7423-4985-9405-722d7f5df804eccc.png]
[cdn.myportfolio.com/9303f5c5-1f4c-4e4e-8660-3b5d6b9f7896/4fe20a4f-7423-4985-9405-722d7f5df804_rw_19206131.png]
[bastienfromont.com/eau-dissey-product-render.html]
[cdn.myportfolio.com/9303f5c5-1f4c-4e4e-8660-3b5d6b9f7896/0ae23d70-5194-4ea1-878f-57b3bbcf5ea9bef8.jpg]
[cdn.myportfolio.com/9303f5c5-1f4c-4e4e-8660-3b5d6b9f7896/0ae23d70-5194-4ea1-878f-57b3bbcf5ea9_rw_38403d32.jpg]
[cdn.myportfolio.com/9303f5c5-1f4c-4e4e-8660-3b5d6b9f7896/d685bc99-ed42-4b73-88fe-1de0e7357fa9b0fe.jpg]
[cdn.myportfolio.com/9303f5c5-1f4c-4e4e-8660-3b5d6b9f7896/d685bc99-ed42-4b73-88fe-1de0e7357fa9_rw_384032dc.jpg]
[cdn.myportfolio.com/9303f5c5-1f4c-4e4e-8660-3b5d6b9f7896/8554b317-1a42-4d8c-82b7-3852abdb68e8b153.png]
[cdn.myportfolio.com/9303f5c5-1f4c-4e4e-8660-3b5d6b9f7896/8554b317-1a42-4d8c-82b7-3852abdb68e8_rw_19201119.png]
[cdn.myportfolio.com/9303f5c5-1f4c-4e4e-8660-3b5d6b9f7896/ac25aaf1-530d-48e6-adc4-0b639375d835d13c.png]
[cdn.myportfolio.com/9303f5c5-1f4c-4e4e-8660-3b5d6b9f7896/ac25aaf1-530d-48e6-adc4-0b639375d835_rw_192088ef.png]
[cdn.myportfolio.com/9303f5c5-1f4c-4e4e-8660-3b5d6b9f7896/e11fa14a-2201-4280-9448-96e4685d6655f2cb.png]
[cdn.myportfolio.com/9303f5c5-1f4c-4e4e-8660-3b5d6b9f7896/e11fa14a-2201-4280-9448-96e4685d6655_rw_192007b2.png]
[bastienfromont.com/projet-chemin-faisant.html]
[bastienfromont.com/video.html]
[cdn.myportfolio.com/9303f5c5-1f4c-4e4e-8660-3b5d6b9f7896/2c49bad5-affd-4c34-b48b-0f8aee4df38f93e0.jpg]
[cdn.myportfolio.com/9303f5c5-1f4c-4e4e-8660-3b5d6b9f7896/2c49bad5-affd-4c34-b48b-0f8aee4df38f_rw_1920d7d7.jpg]
[cdn.myportfolio.com/9303f5c5-1f4c-4e4e-8660-3b5d6b9f7896/3ce4cca1-46a6-4033-bfac-10d7fa8bc29f5fbf.jpg]
[cdn.myportfolio.com/9303f5c5-1f4c-4e4e-8660-3b5d6b9f7896/3ce4cca1-46a6-4033-bfac-10d7fa8bc29f_rw_1920b0fd.jpg]
[bastienfromont.com/electronique.html]
[bastienfromont.com/creation-numerique.html]
[cdn.myportfolio.com/9303f5c5-1f4c-4e4e-8660-3b5d6b9f7896/fc8e7651-9b1f-4ccc-bd0e-b047d553597f_rwc_0x0x12768x1883x4096996e.png]
[cdn.myportfolio.com/9303f5c5-1f4c-4e4e-8660-3b5d6b9f7896/a05ff5b87e6c987c627170b91c2f306c17598325743572.css]
[cdn.myportfolio.com/9303f5c5-1f4c-4e4e-8660-3b5d6b9f7896/a2a34193-3419-4a9b-982e-41609f32d6afd3fe.jpg]
[cdn.myportfolio.com/9303f5c5-1f4c-4e4e-8660-3b5d6b9f7896/a2a34193-3419-4a9b-982e-41609f32d6af_rw_3840a2b3.jpg]
[cdn.myportfolio.com/9303f5c5-1f4c-4e4e-8660-3b5d6b9f7896/2c2f1a78-f8e8-44f9-be16-d4211e2fef0c7f91.png]
[cdn.myportfolio.com/9303f5c5-1f4c-4e4e-8660-3b5d6b9f7896/2c2f1a78-f8e8-44f9-be16-d4211e2fef0c_rw_38405f64.png]
[cdn.myportfolio.com/9303f5c5-1f4c-4e4e-8660-3b5d6b9f7896/336e21a7-c5b1-43e9-9f2b-cf40c2dc7bce20d2.jpg]
[cdn.myportfolio.com/9303f5c5-1f4c-4e4e-8660-3b5d6b9f7896/336e21a7-c5b1-43e9-9f2b-cf40c2dc7bce_rw_38406fe8.jpg]
[cdn.myportfolio.com/9303f5c5-1f4c-4e4e-8660-3b5d6b9f7896/7066e188-7197-40e8-be6c-b1c417dd62670f9b.jpg]
[cdn.myportfolio.com/9303f5c5-1f4c-4e4e-8660-3b5d6b9f7896/7066e188-7197-40e8-be6c-b1c417dd6267_rw_3840dbbd.jpg]
[cdn.myportfolio.com/9303f5c5-1f4c-4e4e-8660-3b5d6b9f7896/20afd84c-3de1-47e7-9163-6874e367654190ba.jpg]
[cdn.myportfolio.com/9303f5c5-1f4c-4e4e-8660-3b5d6b9f7896/20afd84c-3de1-47e7-9163-6874e3676541_rw_3840160e.jpg]
[cdn.myportfolio.com/9303f5c5-1f4c-4e4e-8660-3b5d6b9f7896/c07b0ab6-2972-4d7c-aeec-12c2ce9a4661fe36.jpg]
[cdn.myportfolio.com/9303f5c5-1f4c-4e4e-8660-3b5d6b9f7896/c07b0ab6-2972-4d7c-aeec-12c2ce9a4661_rw_384081f9.jpg]
[cdn.myportfolio.com/9303f5c5-1f4c-4e4e-8660-3b5d6b9f7896/353302a1-f9d0-4f4c-bdb3-01af531df67701c4.jpg]
[cdn.myportfolio.com/9303f5c5-1f4c-4e4e-8660-3b5d6b9f7896/353302a1-f9d0-4f4c-bdb3-01af531df677_rw_3840e7d9.jpg]
[cdn.myportfolio.com/9303f5c5-1f4c-4e4e-8660-3b5d6b9f7896/4ce23382-3435-4731-9c38-0479081191aad7b3.jpg]
[cdn.myportfolio.com/9303f5c5-1f4c-4e4e-8660-3b5d6b9f7896/4ce23382-3435-4731-9c38-0479081191aa_rw_38408cac.jpg]
[cdn.myportfolio.com/9303f5c5-1f4c-4e4e-8660-3b5d6b9f7896/3dc895fd-e787-4d67-bac5-d05a998874f33728.jpg]
[cdn.myportfolio.com/9303f5c5-1f4c-4e4e-8660-3b5d6b9f7896/3dc895fd-e787-4d67-bac5-d05a998874f3_rw_3840af1f.jpg]
[cdn.myportfolio.com/9303f5c5-1f4c-4e4e-8660-3b5d6b9f7896/2b0212aa-9ab2-4e6e-93c7-77b0dc93f804bb64.jpg]
[cdn.myportfolio.com/9303f5c5-1f4c-4e4e-8660-3b5d6b9f7896/2b0212aa-9ab2-4e6e-93c7-77b0dc93f804_rw_3840b8b6.jpg]
[cdn.myportfolio.com/9303f5c5-1f4c-4e4e-8660-3b5d6b9f7896/3a57b8b0-4f78-4aa3-a281-9a5c9d93237ba794.jpg]
[cdn.myportfolio.com/9303f5c5-1f4c-4e4e-8660-3b5d6b9f7896/3a57b8b0-4f78-4aa3-a281-9a5c9d93237b_rw_3840ee95.jpg]
[cdn.myportfolio.com/9303f5c5-1f4c-4e4e-8660-3b5d6b9f7896/386179f9-0e3a-40bb-9320-9a2ed6de69a9c3d3.jpg]
[cdn.myportfolio.com/9303f5c5-1f4c-4e4e-8660-3b5d6b9f7896/386179f9-0e3a-40bb-9320-9a2ed6de69a9_rw_3840b0df.jpg]
[cdn.myportfolio.com/9303f5c5-1f4c-4e4e-8660-3b5d6b9f7896/11f3be1b-dec0-43a3-b618-67692855402a93e4.jpg]
[cdn.myportfolio.com/9303f5c5-1f4c-4e4e-8660-3b5d6b9f7896/11f3be1b-dec0-43a3-b618-67692855402a_rw_3840656a.jpg]
[cdn.myportfolio.com/9303f5c5-1f4c-4e4e-8660-3b5d6b9f7896/92e05b70-f582-42cd-9fda-227d2b27de34979d.jpg]
[cdn.myportfolio.com/9303f5c5-1f4c-4e4e-8660-3b5d6b9f7896/92e05b70-f582-42cd-9fda-227d2b27de34_rw_3840e7b1.jpg]
[cdn.myportfolio.com/9303f5c5-1f4c-4e4e-8660-3b5d6b9f7896/922751d7-de6d-48cf-9f73-b12c0934b1630c34.jpg]
[cdn.myportfolio.com/9303f5c5-1f4c-4e4e-8660-3b5d6b9f7896/922751d7-de6d-48cf-9f73-b12c0934b163_rw_38406746.jpg]
[cdn.myportfolio.com/9303f5c5-1f4c-4e4e-8660-3b5d6b9f7896/4a1e1684-e9ea-4c3b-ad44-88cd55184c28_rwc_0x192x3840x2164x3840421c.jpg]
[cdn.myportfolio.com/9303f5c5-1f4c-4e4e-8660-3b5d6b9f7896/edf49bc3-4103-4838-a0ad-1656937b4eec_rwc_2177x738x1657x934x165733c6.jpg]
[cdn.myportfolio.com/9303f5c5-1f4c-4e4e-8660-3b5d6b9f7896/ab733be5-9e0c-407e-a09a-07cfd57dc01c_rwc_501x0x2829x1595x28294e63.png]
[cdn.myportfolio.com/9303f5c5-1f4c-4e4e-8660-3b5d6b9f7896/c51face7-b300-4c23-9f43-d784641cea28_rwc_0x96x1920x1082x19202705.jpg]
[cdn.myportfolio.com/9303f5c5-1f4c-4e4e-8660-3b5d6b9f7896/f1aa7782-6f2e-4952-9445-4550a49c2f84_rwc_534x1526x996x561x9965b5b.jpg]
[bastienfromont.com/photographie-de-paysage.html]
[cdn.myportfolio.com/9303f5c5-1f4c-4e4e-8660-3b5d6b9f7896/5d0838d7-3aa9-40f3-a083-bd66561d3a1e2b37.jpg]
[cdn.myportfolio.com/9303f5c5-1f4c-4e4e-8660-3b5d6b9f7896/5d0838d7-3aa9-40f3-a083-bd66561d3a1e_rw_38406cc9.jpg]
[cdn.myportfolio.com/9303f5c5-1f4c-4e4e-8660-3b5d6b9f7896/e10133fe-9f9f-4134-844d-6d14ec182fbeb9ef.jpg]
[cdn.myportfolio.com/9303f5c5-1f4c-4e4e-8660-3b5d6b9f7896/e10133fe-9f9f-4134-844d-6d14ec182fbe_rw_1920321b.jpg]
[cdn.myportfolio.com/9303f5c5-1f4c-4e4e-8660-3b5d6b9f7896/f6ab4379-1481-4d1d-834a-5783119803549289.jpg]
[cdn.myportfolio.com/9303f5c5-1f4c-4e4e-8660-3b5d6b9f7896/f6ab4379-1481-4d1d-834a-578311980354_rw_38400a37.jpg]
[cdn.myportfolio.com/9303f5c5-1f4c-4e4e-8660-3b5d6b9f7896/5d429a0b-dba0-42ca-a4ef-2d3f0a60de6275bb.jpg]
[cdn.myportfolio.com/9303f5c5-1f4c-4e4e-8660-3b5d6b9f7896/5d429a0b-dba0-42ca-a4ef-2d3f0a60de62_rw_38401ebf.jpg]
[cdn.myportfolio.com/9303f5c5-1f4c-4e4e-8660-3b5d6b9f7896/5b4fbf4a-3a21-46e2-8ac1-d5358de162180067.jpg]
[cdn.myportfolio.com/9303f5c5-1f4c-4e4e-8660-3b5d6b9f7896/5b4fbf4a-3a21-46e2-8ac1-d5358de16218_rw_384092ca.jpg]
[cdn.myportfolio.com/9303f5c5-1f4c-4e4e-8660-3b5d6b9f7896/d0a7283c-d99b-4944-9e65-ca2e792f4f94aa46.png]
[cdn.myportfolio.com/9303f5c5-1f4c-4e4e-8660-3b5d6b9f7896/d0a7283c-d99b-4944-9e65-ca2e792f4f94_rw_1920f97b.png]
[cdn.myportfolio.com/9303f5c5-1f4c-4e4e-8660-3b5d6b9f7896/969af19e-a3aa-4a95-bf9f-1388514e45eb3cf0.jpg]
[cdn.myportfolio.com/9303f5c5-1f4c-4e4e-8660-3b5d6b9f7896/969af19e-a3aa-4a95-bf9f-1388514e45eb_rw_1920b83a.jpg]
[cdn.myportfolio.com/9303f5c5-1f4c-4e4e-8660-3b5d6b9f7896/3ed283ee-7ba2-4606-9bcb-8d75e5e8d619e7dd.png]
[cdn.myportfolio.com/9303f5c5-1f4c-4e4e-8660-3b5d6b9f7896/3ed283ee-7ba2-4606-9bcb-8d75e5e8d619_rw_38400e2b.png]
[cdn.myportfolio.com/9303f5c5-1f4c-4e4e-8660-3b5d6b9f7896/f39df93e-150a-482a-ad71-0ab29abe88ef8642.jpg]
[cdn.myportfolio.com/9303f5c5-1f4c-4e4e-8660-3b5d6b9f7896/f39df93e-150a-482a-ad71-0ab29abe88ef_rw_19206e15.jpg]
[cdn.myportfolio.com/9303f5c5-1f4c-4e4e-8660-3b5d6b9f7896/d3a73ad2-a90c-4ead-a2e2-c54d37d750328a26.jpg]
[cdn.myportfolio.com/9303f5c5-1f4c-4e4e-8660-3b5d6b9f7896/d3a73ad2-a90c-4ead-a2e2-c54d37d75032_rw_38408718.jpg]
[cdn.myportfolio.com/9303f5c5-1f4c-4e4e-8660-3b5d6b9f7896/f501dea1-fe58-4356-a3ab-48ba11a2b0e94e8a.jpg]
[cdn.myportfolio.com/9303f5c5-1f4c-4e4e-8660-3b5d6b9f7896/f501dea1-fe58-4356-a3ab-48ba11a2b0e9_rw_38404c66.jpg]
[cdn.myportfolio.com/9303f5c5-1f4c-4e4e-8660-3b5d6b9f7896/36bfad5c-d5dd-4b4f-b2bb-507f2cd1f718ba32.png]
[cdn.myportfolio.com/9303f5c5-1f4c-4e4e-8660-3b5d6b9f7896/36bfad5c-d5dd-4b4f-b2bb-507f2cd1f718_rw_38404b4d.png]
[cdn.myportfolio.com/9303f5c5-1f4c-4e4e-8660-3b5d6b9f7896/16836f3a-e781-44b4-aaa8-3bbd4ed82c5c9494.jpg]
[cdn.myportfolio.com/9303f5c5-1f4c-4e4e-8660-3b5d6b9f7896/16836f3a-e781-44b4-aaa8-3bbd4ed82c5c_rw_3840aed8.jpg]
[cdn.myportfolio.com/9303f5c5-1f4c-4e4e-8660-3b5d6b9f7896/c82aa4b4-8ea8-4f65-8378-907de10a152bc023.jpg]
[cdn.myportfolio.com/9303f5c5-1f4c-4e4e-8660-3b5d6b9f7896/c82aa4b4-8ea8-4f65-8378-907de10a152b_rw_3840362e.jpg]
[cdn.myportfolio.com/9303f5c5-1f4c-4e4e-8660-3b5d6b9f7896/71273139-1408-4fbf-8f3c-7a224b29b52b281b.jpg]
[cdn.myportfolio.com/9303f5c5-1f4c-4e4e-8660-3b5d6b9f7896/71273139-1408-4fbf-8f3c-7a224b29b52b_rw_19205cf3.jpg]
[cdn.myportfolio.com/9303f5c5-1f4c-4e4e-8660-3b5d6b9f7896/d3b669eb-59aa-4ec6-882a-341854b5c11ba549.jpg]
[cdn.myportfolio.com/9303f5c5-1f4c-4e4e-8660-3b5d6b9f7896/d3b669eb-59aa-4ec6-882a-341854b5c11b_rw_19206ac0.jpg]
[cdn.myportfolio.com/9303f5c5-1f4c-4e4e-8660-3b5d6b9f7896/d1c6229b-a103-4330-86a0-3a7f45b6396324c6.jpg]
[cdn.myportfolio.com/9303f5c5-1f4c-4e4e-8660-3b5d6b9f7896/d1c6229b-a103-4330-86a0-3a7f45b63963_rw_3840f9c9.jpg]
[cdn.myportfolio.com/9303f5c5-1f4c-4e4e-8660-3b5d6b9f7896/30fdf895-f089-4a03-9939-b86bf8c61421b81a.jpg]
[cdn.myportfolio.com/9303f5c5-1f4c-4e4e-8660-3b5d6b9f7896/30fdf895-f089-4a03-9939-b86bf8c61421_rw_3840d80e.jpg]
[cdn.myportfolio.com/9303f5c5-1f4c-4e4e-8660-3b5d6b9f7896/b8367e68-b4f8-4889-88a9-b919b4bae83a0916.jpg]
[cdn.myportfolio.com/9303f5c5-1f4c-4e4e-8660-3b5d6b9f7896/b8367e68-b4f8-4889-88a9-b919b4bae83a_rw_1920b598.jpg]
[cdn.myportfolio.com/9303f5c5-1f4c-4e4e-8660-3b5d6b9f7896/dfe21ec8-8d4e-454e-90bb-3990bc3aacaf9658.jpg]
[cdn.myportfolio.com/9303f5c5-1f4c-4e4e-8660-3b5d6b9f7896/dfe21ec8-8d4e-454e-90bb-3990bc3aacaf_rw_3840b359.jpg]
[cdn.myportfolio.com/9303f5c5-1f4c-4e4e-8660-3b5d6b9f7896/fb854f05-8ab3-4383-a114-7cbdc0ad81ca13d7.jpg]
[cdn.myportfolio.com/9303f5c5-1f4c-4e4e-8660-3b5d6b9f7896/fb854f05-8ab3-4383-a114-7cbdc0ad81ca_rw_3840dd17.jpg]
[cdn.myportfolio.com/9303f5c5-1f4c-4e4e-8660-3b5d6b9f7896/4e3726ae-0735-4bbf-9272-e5cdb7d56d96_rwc_0x0x3832x2160x3832e4ff.jpg]
[bastienfromont.com/photographie-animaliere.html]
[cdn.myportfolio.com/9303f5c5-1f4c-4e4e-8660-3b5d6b9f7896/794f1d98-9e3c-4617-8fa0-7259d7160ae0e04d.jpg]
[cdn.myportfolio.com/9303f5c5-1f4c-4e4e-8660-3b5d6b9f7896/794f1d98-9e3c-4617-8fa0-7259d7160ae0_rw_38402667.jpg]
[cdn.myportfolio.com/9303f5c5-1f4c-4e4e-8660-3b5d6b9f7896/5f740e27-7a8c-4239-bcb6-6dab1a8dd1fa033f.jpg]
[cdn.myportfolio.com/9303f5c5-1f4c-4e4e-8660-3b5d6b9f7896/5f740e27-7a8c-4239-bcb6-6dab1a8dd1fa_rw_3840c38d.jpg]
[cdn.myportfolio.com/9303f5c5-1f4c-4e4e-8660-3b5d6b9f7896/e930392b-58e3-4251-bc10-c5ff1ec220b91d90.jpg]
[cdn.myportfolio.com/9303f5c5-1f4c-4e4e-8660-3b5d6b9f7896/e930392b-58e3-4251-bc10-c5ff1ec220b9_rw_3840a1be.jpg]
[cdn.myportfolio.com/9303f5c5-1f4c-4e4e-8660-3b5d6b9f7896/ec4056d0-6d69-43d9-8fba-9affe38db23bfa24.jpg]
[cdn.myportfolio.com/9303f5c5-1f4c-4e4e-8660-3b5d6b9f7896/ec4056d0-6d69-43d9-8fba-9affe38db23b_rw_38405756.jpg]
[cdn.myportfolio.com/9303f5c5-1f4c-4e4e-8660-3b5d6b9f7896/2c63340e-21e1-44ac-b07c-8a23950954862527.jpg]
[cdn.myportfolio.com/9303f5c5-1f4c-4e4e-8660-3b5d6b9f7896/2c63340e-21e1-44ac-b07c-8a2395095486_rw_1920d5e3.jpg]
[cdn.myportfolio.com/9303f5c5-1f4c-4e4e-8660-3b5d6b9f7896/f252002a-ec7e-4e9a-a3bf-c23137bfb75f899d.png]
[cdn.myportfolio.com/9303f5c5-1f4c-4e4e-8660-3b5d6b9f7896/f252002a-ec7e-4e9a-a3bf-c23137bfb75f_rw_3840d73e.png]
[cdn.myportfolio.com/9303f5c5-1f4c-4e4e-8660-3b5d6b9f7896/bdb7a9c7-4ed7-4243-9c00-219508bb33991b73.png]
[cdn.myportfolio.com/9303f5c5-1f4c-4e4e-8660-3b5d6b9f7896/bdb7a9c7-4ed7-4243-9c00-219508bb3399_rw_38400f02.png]
[bastienfromont.com/star-photography.html]
[cdn.myportfolio.com/9303f5c5-1f4c-4e4e-8660-3b5d6b9f7896/8644b5a7-a08e-401f-9547-53ea6a805b94ea09.png]
[cdn.myportfolio.com/9303f5c5-1f4c-4e4e-8660-3b5d6b9f7896/8644b5a7-a08e-401f-9547-53ea6a805b94_rw_3840f4fc.png]
[cdn.myportfolio.com/9303f5c5-1f4c-4e4e-8660-3b5d6b9f7896/2a28e932-db69-4dd8-be3d-e47d820b1a54817f.jpg]
[cdn.myportfolio.com/9303f5c5-1f4c-4e4e-8660-3b5d6b9f7896/2a28e932-db69-4dd8-be3d-e47d820b1a54_rw_384000bf.jpg]
[cdn.myportfolio.com/9303f5c5-1f4c-4e4e-8660-3b5d6b9f7896/646480c1-24ef-46b9-b533-dac70e52fab7d869.jpg]
[cdn.myportfolio.com/9303f5c5-1f4c-4e4e-8660-3b5d6b9f7896/646480c1-24ef-46b9-b533-dac70e52fab7_rw_384035f8.jpg]
[cdn.myportfolio.com/9303f5c5-1f4c-4e4e-8660-3b5d6b9f7896/6569dee7-e497-4a06-844b-a4413ec6124ca146.jpg]
[cdn.myportfolio.com/9303f5c5-1f4c-4e4e-8660-3b5d6b9f7896/6569dee7-e497-4a06-844b-a4413ec6124c_rw_38400384.jpg]
[cdn.myportfolio.com/9303f5c5-1f4c-4e4e-8660-3b5d6b9f7896/597e4772-c921-4e4b-ba6a-8cc73a308379ba0e.jpg]
[cdn.myportfolio.com/9303f5c5-1f4c-4e4e-8660-3b5d6b9f7896/597e4772-c921-4e4b-ba6a-8cc73a308379_rw_384010d0.jpg]
[cdn.myportfolio.com/9303f5c5-1f4c-4e4e-8660-3b5d6b9f7896/0f67dc55-2130-4828-aa73-cce4b5d997b6f75d.jpg]
[cdn.myportfolio.com/9303f5c5-1f4c-4e4e-8660-3b5d6b9f7896/0f67dc55-2130-4828-aa73-cce4b5d997b6_rw_3840f571.jpg]
[cdn.myportfolio.com/9303f5c5-1f4c-4e4e-8660-3b5d6b9f7896/864c8c90-51a7-4594-b466-7711ce4e57fca5a4.jpg]
[cdn.myportfolio.com/9303f5c5-1f4c-4e4e-8660-3b5d6b9f7896/864c8c90-51a7-4594-b466-7711ce4e57fc_rw_3840049e.jpg]
[cdn.myportfolio.com/9303f5c5-1f4c-4e4e-8660-3b5d6b9f7896/6543a7cb-881e-4306-8248-a2c61fd032e8255a.jpg]
[cdn.myportfolio.com/9303f5c5-1f4c-4e4e-8660-3b5d6b9f7896/6543a7cb-881e-4306-8248-a2c61fd032e8_rw_38400931.jpg]
[cdn.myportfolio.com/9303f5c5-1f4c-4e4e-8660-3b5d6b9f7896/c222dbfb-f6b8-4f17-b6db-a89126b02e305ba2.jpg]
[cdn.myportfolio.com/9303f5c5-1f4c-4e4e-8660-3b5d6b9f7896/c222dbfb-f6b8-4f17-b6db-a89126b02e30_rw_38408e0f.jpg]
[cdn.myportfolio.com/9303f5c5-1f4c-4e4e-8660-3b5d6b9f7896/1c4c08eb-a4b6-405b-96c5-2936122bc6ad94c1.jpg]
[cdn.myportfolio.com/9303f5c5-1f4c-4e4e-8660-3b5d6b9f7896/1c4c08eb-a4b6-405b-96c5-2936122bc6ad_rw_3840ddd7.jpg]
[bastienfromont.com/projet-bulle.html]
[cdn.myportfolio.com/9303f5c5-1f4c-4e4e-8660-3b5d6b9f7896/c6203273-a78c-4422-a870-1acb9c989a05c35b.jpg]
[cdn.myportfolio.com/9303f5c5-1f4c-4e4e-8660-3b5d6b9f7896/c6203273-a78c-4422-a870-1acb9c989a05_rw_19205e46.jpg]
[cdn.myportfolio.com/9303f5c5-1f4c-4e4e-8660-3b5d6b9f7896/9585343a-a023-45ad-9d76-b9be1894871ebe9b.jpg]
[cdn.myportfolio.com/9303f5c5-1f4c-4e4e-8660-3b5d6b9f7896/9585343a-a023-45ad-9d76-b9be1894871e_rw_3840ef52.jpg]
[cdn.myportfolio.com/9303f5c5-1f4c-4e4e-8660-3b5d6b9f7896/4cbd3a65-fede-44be-b481-e76ba2af2febf364.jpg]
[cdn.myportfolio.com/9303f5c5-1f4c-4e4e-8660-3b5d6b9f7896/4cbd3a65-fede-44be-b481-e76ba2af2feb_rw_3840285b.jpg]
[bastienfromont.com/playing-with-light.html]
[cdn.myportfolio.com/9303f5c5-1f4c-4e4e-8660-3b5d6b9f7896/d954f10c-c92b-4322-9d1a-94010b498a559f52.jpg]
[cdn.myportfolio.com/9303f5c5-1f4c-4e4e-8660-3b5d6b9f7896/d954f10c-c92b-4322-9d1a-94010b498a55_rw_1920167f.jpg]
[cdn.myportfolio.com/9303f5c5-1f4c-4e4e-8660-3b5d6b9f7896/868ae1b5-6e97-4ee7-b569-698134281aa3ba32.jpg]
[cdn.myportfolio.com/9303f5c5-1f4c-4e4e-8660-3b5d6b9f7896/868ae1b5-6e97-4ee7-b569-698134281aa3_rw_1920a7a9.jpg]
[cdn.myportfolio.com/9303f5c5-1f4c-4e4e-8660-3b5d6b9f7896/3a2a2de0-12c7-40e6-acf7-6a26b5ad4f89f000.jpg]
[cdn.myportfolio.com/9303f5c5-1f4c-4e4e-8660-3b5d6b9f7896/3a2a2de0-12c7-40e6-acf7-6a26b5ad4f89_rw_19201493.jpg]
[cdn.myportfolio.com/9303f5c5-1f4c-4e4e-8660-3b5d6b9f7896/b9b7517e-fd13-4111-8bac-f12ce3941874d65b.jpg]
[cdn.myportfolio.com/9303f5c5-1f4c-4e4e-8660-3b5d6b9f7896/b9b7517e-fd13-4111-8bac-f12ce3941874_rw_192003ef.jpg]
[bastienfromont.com/shooting-skateboard-2022.html]
[cdn.myportfolio.com/9303f5c5-1f4c-4e4e-8660-3b5d6b9f7896/49be589bf3604b12d7f6519954d88f531759832574e346.css]
[cdn.myportfolio.com/9303f5c5-1f4c-4e4e-8660-3b5d6b9f7896/595968abf3dbbdbfa9c34d4d5295469d1759832574b8a5.css]
[cdn.myportfolio.com/9303f5c5-1f4c-4e4e-8660-3b5d6b9f7896/89f6a33b7a5075d666bc62def30642d91759832574f2eb.css]
[cdn.myportfolio.com/9303f5c5-1f4c-4e4e-8660-3b5d6b9f7896/1ec7f50acccc291a19fc1d124005eca817598325742213.css]
[cdn.myportfolio.com/9303f5c5-1f4c-4e4e-8660-3b5d6b9f7896/eb3554df089e4cd1e26f295d26f8a64b175983257419be.css]
[cdn.myportfolio.com/9303f5c5-1f4c-4e4e-8660-3b5d6b9f7896/23cab3d7265e9cd2ce46ab20863b0cfd17598325740e20.css]
[cdn.myportfolio.com/9303f5c5-1f4c-4e4e-8660-3b5d6b9f7896/2d6c237298c037e2049662ed441079d51759832574e4ff.css]
[cdn.myportfolio.com/9303f5c5-1f4c-4e4e-8660-3b5d6b9f7896/4d839149f2249e4558de3cd0e85eed4c1759832574d0d6.css]
[cdn.myportfolio.com/9303f5c5-1f4c-4e4e-8660-3b5d6b9f7896/717829a48b5fad64747b7bf2f577ae731759832574a86d.css]
[cdn.myportfolio.com/9303f5c5-1f4c-4e4e-8660-3b5d6b9f7896/7d780a3cd0749b96d59c109af109d712175983257451ee.css]
[cdn.myportfolio.com/9303f5c5-1f4c-4e4e-8660-3b5d6b9f7896/e79754323e35775d290e013079f404d517598325749416.css]
[cdn.myportfolio.com/9303f5c5-1f4c-4e4e-8660-3b5d6b9f7896/e90c39b8d5782770b85aa3e96ae1f1301759832574e770.css]
[cdn.myportfolio.com/9303f5c5-1f4c-4e4e-8660-3b5d6b9f7896/80ef691fa3d72b3af02ff6bb94c86013175983257407cb.css]
[cdn.myportfolio.com/9303f5c5-1f4c-4e4e-8660-3b5d6b9f7896/e139df370acbf0042530c424fcfd58661759832574b910.css]
